<?xml version="1.0" encoding="UTF-8"?>
<!-- Generated by org.testng.reporters.JUnitXMLReporter -->
<testsuite ignored="2" hostname="DESKTOP-4RHFJAI" failures="0" tests="3" name="Default test" time="5.363" errors="0" timestamp="2025-04-20T19:18:17 EET">
  <testcase classname="sadqTest" name="login" time="0.533"/>
  <testcase classname="sadqTest" name="AddAllItems" time="0.756"/>
  <testcase classname="sadqTest" name="RemoveAllItems" time="2.753"/>
  <testcase classname="sadqTest" name="removeItemFromTheCart" time="0.0">
    <ignored/>
  </testcase> <!-- removeItemFromTheCart -->
  <testcase classname="sadqTest" name="Logout" time="0.0">
    <ignored/>
  </testcase> <!-- Logout -->
</testsuite> <!-- Default test -->
