<?xml version="1.0" encoding="UTF-8"?>
<testng-results ignored="2" total="5" passed="3" failed="0" skipped="0">
  <reporter-output>
  </reporter-output>
  <suite started-at="2025-04-20T19:18:12 EET" name="Default suite" finished-at="2025-04-20T19:18:17 EET" duration-ms="5363">
    <groups>
    </groups>
    <test started-at="2025-04-20T19:18:12 EET" name="Default test" finished-at="2025-04-20T19:18:17 EET" duration-ms="5363">
      <class name="sadqTest">
        <test-method is-config="true" signature="mySetup()[pri:0, instance:sadqTest@158a3b2e]" started-at="2025-04-20T19:18:12 EET" name="mySetup" finished-at="2025-04-20T19:18:13 EET" duration-ms="1248" status="PASS">
          <reporter-output>
          </reporter-output>
        </test-method> <!-- mySetup -->
        <test-method signature="login()[pri:1, instance:sadqTest@158a3b2e]" started-at="2025-04-20T19:18:13 EET" name="login" finished-at="2025-04-20T19:18:13 EET" duration-ms="533" status="PASS">
          <reporter-output>
          </reporter-output>
        </test-method> <!-- login -->
        <test-method signature="AddAllItems()[pri:2, instance:sadqTest@158a3b2e]" started-at="2025-04-20T19:18:13 EET" name="AddAllItems" finished-at="2025-04-20T19:18:14 EET" duration-ms="756" status="PASS">
          <reporter-output>
          </reporter-output>
        </test-method> <!-- AddAllItems -->
        <test-method signature="RemoveAllItems()[pri:3, instance:sadqTest@158a3b2e]" started-at="2025-04-20T19:18:14 EET" name="RemoveAllItems" finished-at="2025-04-20T19:18:17 EET" duration-ms="2753" status="PASS">
          <reporter-output>
          </reporter-output>
        </test-method> <!-- RemoveAllItems -->
        <test-method is-config="true" signature="myAfterTest()[pri:0, instance:sadqTest@158a3b2e]" started-at="2025-04-20T19:18:17 EET" name="myAfterTest" finished-at="2025-04-20T19:18:17 EET" duration-ms="1" status="PASS">
          <reporter-output>
          </reporter-output>
        </test-method> <!-- myAfterTest -->
      </class> <!-- sadqTest -->
    </test> <!-- Default test -->
  </suite> <!-- Default suite -->
</testng-results>
