<?xml version="1.0" encoding="UTF-8"?>
<!-- Generated by org.testng.reporters.JUnitReportReporter -->
<testsuite hostname="DESKTOP-4RHFJAI" failures="0" tests="5" name="sadqTest" time="4.042" errors="0" timestamp="2025-04-20T19:18:17 EET" skipped="2">
  <testcase classname="sadqTest" name="login" time="0.533"/>
  <testcase classname="sadqTest" name="AddAllItems" time="0.756"/>
  <testcase classname="sadqTest" name="RemoveAllItems" time="2.753"/>
  <testcase classname="sadqTest" name="removeItemFromTheCart">
    <skipped/>
  </testcase> <!-- removeItemFromTheCart -->
  <testcase classname="sadqTest" name="Logout">
    <skipped/>
  </testcase> <!-- Logout -->
</testsuite> <!-- sadqTest -->
